<?xml version="1.0" encoding="UTF-8"?>
<!-- Generated by org.testng.reporters.JUnitXMLReporter -->
<testsuite hostname="Khurram-PC" ignored="2" name="Test" tests="4" failures="0" timestamp="11 Aug 2018 16:08:18 GMT" time="6.058" errors="0">
  <testcase name="bankManagerButtonClick" time="0.281" classname="com.qa.testcases.BankManagerTest"/>
  <testcase name="addCustomerButtonValidation" time="0.306" classname="com.qa.testcases.AddCustomer"/>
  <testcase name="addingNewCustomer" time="0.818" classname="com.qa.testcases.AddCustomer"/>
  <testcase name="addingNewCustomer" time="0.246" classname="com.qa.testcases.AddCustomer"/>
  <testcase name="@BeforeSuite setUp" time="0.0" classname="com.qa.base.TestBase">
    <ignored/>
  </testcase> <!-- @BeforeSuite setUp -->
  <testcase name="@AfterSuite tearDown" time="0.0" classname="com.qa.base.TestBase">
    <ignored/>
  </testcase> <!-- @AfterSuite tearDown -->
</testsuite> <!-- Test -->
